1584727706511	mozrunner::runner	INFO	Running command: "C:\\Program Files\\Mozilla Firefox\\firefox.exe" "-marionette" "-foreground" "-no-remote" "-profile" "C:\\Users\\jdsjh\\AppData\\Local\\Temp\\rust_mozprofileE8x8eP"
1584727708534	addons.webextension.screenshots@mozilla.org	WARN	Loading extension 'screenshots@mozilla.org': Reading manifest: Invalid extension permission: mozillaAddons
1584727708534	addons.webextension.screenshots@mozilla.org	WARN	Loading extension 'screenshots@mozilla.org': Reading manifest: Invalid extension permission: telemetry
1584727708534	addons.webextension.screenshots@mozilla.org	WARN	Loading extension 'screenshots@mozilla.org': Reading manifest: Invalid extension permission: resource://pdf.js/
1584727708535	addons.webextension.screenshots@mozilla.org	WARN	Loading extension 'screenshots@mozilla.org': Reading manifest: Invalid extension permission: about:reader*
JavaScript error: resource://gre/modules/XULStore.jsm, line 66: Error: Can't find profile directory.
1584727711829	Marionette	INFO	Listening on port 60922
1584727712252	Marionette	WARN	TLS certificate errors will be ignored for this session
[Parent 9604, Gecko_IOThread] WARNING: pipe error: 109: file z:/task_1575282935/build/src/ipc/chromium/src/chrome/common/ipc_channel_win.cc, line 341
[Child 14552, Chrome_ChildThread] WARNING: pipe error: 109: file z:/task_1575282935/build/src/ipc/chromium/src/chrome/common/ipc_channel_win.cc, line 341
[Child 14552, Chrome_C1584727816548	mozrunner::runner	INFO	Running command: "C:\\Program Files\\Mozilla Firefox\\firefox.exe" "-marionette" "-foreground" "-no-remote" "-profile" "C:\\Users\\jdsjh\\AppData\\Local\\Temp\\rust_mozprofileyL9SNE"
1584727817493	addons.webextension.screenshots@mozilla.org	WARN	Loading extension 'screenshots@mozilla.org': Reading manifest: Invalid extension permission: mozillaAddons
1584727817493	addons.webextension.screenshots@mozilla.org	WARN	Loading extension 'screenshots@mozilla.org': Reading manifest: Invalid extension permission: telemetry
1584727817493	addons.webextension.screenshots@mozilla.org	WARN	Loading extension 'screenshots@mozilla.org': Reading manifest: Invalid extension permission: resource://pdf.js/
1584727817493	addons.webextension.screenshots@mozilla.org	WARN	Loading extension 'screenshots@mozilla.org': Reading manifest: Invalid extension permission: about:reader*
JavaScript error: resource://gre/modules/XULStore.jsm, line 66: Error: Can't find profile directory.
1584727820061	Marionette	INFO	Listening on port 61266
1584727820307	Marionette	WARN	TLS certificate errors will be ignored for this session
[Parent 3732, Gecko_IOThread] WARNING: pipe error: 109: file z:/task_1575282935/build/src/ipc/chromium/src/chrome/common/ipc_channel_win.cc, line 341
[Child 11272, Chrome_ChildThread] WARNING: pipe error: 232: file z:/task_1575282935/build/src/ipc/chromium/src/chrome/common/ipc_channel_win.cc, line 502
[Child 11272, Chrome_ChildThread] WARNING: pipe error: 109: file z:/task_1575282935/build/src/ipc/chromium/src/chrome/common/ipc_channel_win.cc, line 341
[Parent 3732, Gecko_IOThread] WARNING: pipe error: 109: file z:/task_1575282935/build/src/ipc/chromium/src/chrome/common/ipc_channel_win.cc, line 341
[Child 4884, Chrome_ChildThread] WARNING: pipe error: 109: file z:/task_1575282935/build/src/ipc/chromium/src/chrome/common/ipc_channel_win.cc, line 341
[Chi1584727836105	Marionette	INFO	Stopped listening on port 61266
[GPU 7360, Chrom
###!!! [Child][MessageChannel::SendAndWait] Error: Channel error: cannot send/recv

1620356269462	mozrunner::runner	INFO	Running command: "C:\\Program Files\\Mozilla Firefox\\firefox.exe" "-marionette" "-foreground" "-no-remote" "-profile" "C:\\Users\\Tiago\\AppData\\Local\\Temp\\rust_mozprofilehYVE4P"
1620356270244	Marionette	INFO	Marionette enabled
JavaScript error: resource://gre/modules/XULStore.jsm, line 66: Error: Can't find profile directory.
console.warn: SearchSettings: "get: No settings file exists, new profile?" (new Error("", "(unknown module)"))
1620356274261	Marionette	INFO	Listening on port 62292
1620356274330	Marionette	WARN	TLS certificate errors will be ignored for this session
console.error: Region.jsm: "Error fetching region" (new Error("TIMEOUT", "resource://gre/modules/Region.jsm", 772))
console.error: Region.jsm: "Failed to fetch region" (new Error("TIMEOUT", "resource://gre/modules/Region.jsm", 419))

###!!! [Child][RunMessage] Error: Channel closing: too late to send/recv, messages will be lost

1620356292440	Marionette	INFO	Stopped listening on port 62292

###!!! [Child][RunMessage] Error: Channel closing: too late to send/recv, messages will be lost

1620356460178	mozrunner::runner	INFO	Running command: "C:\\Program Files\\Mozilla Firefox\\firefox.exe" "-marionette" "-foreground" "-no-remote" "-profile" "C:\\Users\\Tiago\\AppData\\Local\\Temp\\rust_mozprofileObIoJN"
1620356461016	Marionette	INFO	Marionette enabled
JavaScript error: resource://gre/modules/XULStore.jsm, line 66: Error: Can't find profile directory.
console.warn: SearchSettings: "get: No settings file exists, new profile?" (new Error("", "(unknown module)"))
1620356465005	Marionette	INFO	Listening on port 61317
1620356465047	Marionette	WARN	TLS certificate errors will be ignored for this session

###!!! [Child][MessageChannel] Error: (msgtype=0x6B0027,name=PNecko::Msg_RemoveRequestContext) Channel closing: too late to send/recv, messages will be lost

1620356569430	Marionette	INFO	Stopped listening on port 61317

###!!! [Child][RunMessage] Error: Channel closing: too late to send/recv, messages will be lost

Invalid port. Exiting...
Invalid port. Exiting...
Invalid port. Exiting...
Invalid port. Exiting...
Invalid port. Exiting...
Invalid port. Exiting...
Invalid port. Exiting...
1621971850721	mozrunner::runner	INFO	Running command: "C:\\Program Files\\Mozilla Firefox\\firefox.exe" "-marionette" "-foreground" "-no-remote" "-profile" "C:\\Users\\Tiago\\AppData\\Local\\Temp\\rust_mozprofile0XU85k"
1621971852130	Marionette	INFO	Marionette enabled
JavaScript error: resource://gre/modules/XULStore.jsm, line 66: Error: Can't find profile directory.
console.warn: SearchSettings: "get: No settings file exists, new profile?" (new Error("", "(unknown module)"))
1621971855937	Marionette	INFO	Listening on port 55233
1621971856061	Marionette	WARN	TLS certificate errors will be ignored for this session
console.error: Region.jsm: "Error fetching region" (new Error("TIMEOUT", "resource://gre/modules/Region.jsm", 772))
console.error: Region.jsm: "Failed to fetch region" (new Error("TIMEOUT", "resource://gre/modules/Region.jsm", 419))
1621971934212	Marionette	INFO	Stopped listening on port 55233

###!!! [Child][RunMessage] Error: Channel closing: too late to send/recv, messages will be lost

1621972004445	mozrunner::runner	INFO	Running command: "C:\\Program Files\\Mozilla Firefox\\firefox.exe" "-marionette" "-foreground" "-no-remote" "-profile" "C:\\Users\\Tiago\\AppData\\Local\\Temp\\rust_mozprofileoafd5W"
1621972005119	Marionette	INFO	Marionette enabled
JavaScript error: resource://gre/modules/XULStore.jsm, line 66: Error: Can't find profile directory.
console.warn: SearchSettings: "get: No settings file exists, new profile?" (new Error("", "(unknown module)"))
1621972008301	Marionette	INFO	Listening on port 55356
1621972008660	Marionette	WARN	TLS certificate errors will be ignored for this session
console.error: Region.jsm: "Error fetching region" (new Error("TIMEOUT", "resource://gre/modules/Region.jsm", 772))
console.error: Region.jsm: "Failed to fetch region" (new Error("TIMEOUT", "resource://gre/modules/Region.jsm", 419))
1621972069322	Marionette	INFO	Stopped listening on port 55356

###!!! [Child][RunMessage] Error: Channel closing: too late to send/recv, messages will be lost

rs\\Tiago\\AppData\\Local\\Temp\\rust_mozprofileuX5v5B"
1621972061834	Marionette	INFO	Marionette enabled
JavaScript error: resource://gre/modules/XULStore.jsm, line 66: Error: Can't find profile directory.
console.warn: SearchSettings: "get: No settings file exists, new profile?" (new Error("", "(unknown module)"))
1621972065789	Marionette	INFO	Listening on port 55420
1621972065975	Marionette	WARN	TLS certificate errors will be ignored for this session
console.error: Region.jsm: "Error fetching region" (new Error("TIMEOUT", "resource://gre/modules/Region.jsm", 772))
console.error: Region.jsm: "Failed to fetch region" (new Error("TIMEOUT", "resource://gre/modules/Region.jsm", 419))
[Child 9996, IPC I/O Child] WARNING: pipe error: 232: file /builds/worker/checkouts/gecko/ipc/chromium/src/chrome/common/ipc_channel_win.cc:544
1621972128932	Marionette	INFO	Stopped listening on port 55420

###!!! [Child][RunMessage] Error: Channel closing: too late to send/recv, messages will be lost

1621972139988	mozrunner::runner	INFO	Running command: "C:\\Program Files\\Mozilla Firefox\\firefox.exe" "-marionette" "-foreground" "-no-remote" "-profile" "C:\\Users\\Tiago\\AppData\\Local\\Temp\\rust_mozprofilegKIZb8"
1621972140646	Marionette	INFO	Marionette enabled
JavaScript error: resource://gre/modules/XULStore.jsm, line 66: Error: Can't find profile directory.
console.warn: SearchSettings: "get: No settings file exists, new profile?" (new Error("", "(unknown module)"))
1621972144349	Marionette	INFO	Listening on port 55529
1621972144808	Marionette	WARN	TLS certificate errors will be ignored for this session
console.error: Region.jsm: "Error fetching region" (new Error("TIMEOUT", "resource://gre/modules/Region.jsm", 772))
console.error: Region.jsm: "Failed to fetch region" (new Error("TIMEOUT", "resource://gre/modules/Region.jsm", 419))
1621972670727	addons.xpi	ERROR	System addon update list error Error: Failed downloading XML, status: 0, reason: timeout
1621972674794	Marionette	INFO	Stopped listening on port 55529

###!!! [Child][RunMessage] Error: Channel closing: too late to send/recv, messages will be lost

1621973215211	mozrunner::runner	INFO	Running command: "C:\\Program Files\\Mozilla Firefox\\firefox.exe" "-marionette" "-foreground" "-no-remote" "-profile" "C:\\Users\\Tiago\\AppData\\Local\\Temp\\rust_mozprofileb76nRL"
1621973215974	Marionette	INFO	Marionette enabled
JavaScript error: resource://gre/modules/XULStore.jsm, line 66: Error: Can't find profile directory.
console.warn: SearchSettings: "get: No settings file exists, new profile?" (new Error("", "(unknown module)"))
1621973220145	Marionette	INFO	Listening on port 63941
1621973220563	Marionette	WARN	TLS certificate errors will be ignored for this session
console.error: Region.jsm: "Error fetching region" (new Error("TIMEOUT", "resource://gre/modules/Region.jsm", 772))
console.error: Region.jsm: "Failed to fetch region" (new Error("TIMEOUT", "resource://gre/modules/Region.jsm", 419))
1621973264066	Marionette	INFO	Stopped listening on port 63941

###!!! [Child][RunMessage] Error: Channel closing: too late to send/recv, messages will be lost

1621973298529	mozrunner::runner	INFO	Running command: "C:\\Program Files\\Mozilla Firefox\\firefox.exe" "-marionette" "-foreground" "-no-remote" "-profile" "C:\\Users\\Tiago\\AppData\\Local\\Temp\\rust_mozprofiletIcnUP"
1621973299180	Marionette	INFO	Marionette enabled
JavaScript error: resource://gre/modules/XULStore.jsm, line 66: Error: Can't find profile directory.
console.warn: SearchSettings: "get: No settings file exists, new profile?" (new Error("", "(unknown module)"))
1621973302597	Marionette	INFO	Listening on port 64172
1621973302750	Marionette	WARN	TLS certificate errors will be ignored for this session
console.error: Region.jsm: "Error fetching region" (new Error("TIMEOUT", "resource://gre/modules/Region.jsm", 772))
console.error: Region.jsm: "Failed to fetch region" (new Error("TIMEOUT", "resource://gre/modules/Region.jsm", 419))
1621973349199	Marionette	INFO	Stopped listening on port 64172

###!!! [Child][RunMessage] Error: Channel closing: too late to send/recv, messages will be lost

1621973368259	mozrunner::runner	INFO	Running command: "C:\\Program Files\\Mozilla Firefox\\firefox.exe" "-marionette" "-foreground" "-no-remote" "-profile" "C:\\Users\\Tiago\\AppData\\Local\\Temp\\rust_mozprofiledryfff"
1621973368941	Marionette	INFO	Marionette enabled
JavaScript error: resource://gre/modules/XULStore.jsm, line 66: Error: Can't find profile directory.
console.warn: SearchSettings: "get: No settings file exists, new profile?" (new Error("", "(unknown module)"))
1621973372130	Marionette	INFO	Listening on port 64381
1621973372451	Marionette	WARN	TLS certificate errors will be ignored for this session
console.error: Region.jsm: "Error fetching region" (new Error("TIMEOUT", "resource://gre/modules/Region.jsm", 772))
console.error: Region.jsm: "Failed to fetch region" (new Error("TIMEOUT", "resource://gre/modules/Region.jsm", 419))
1621973547751	Marionette	INFO	Stopped listening on port 64381

###!!! [Child][RunMessage] Error: Channel closing: too late to send/recv, messages will be lost

Invalid port. Exiting...
Invalid port. Exiting...
1621973587925	mozrunner::runner	INFO	Running command: "C:\\Program Files\\Mozilla Firefox\\firefox.exe" "-marionette" "-foreground" "-no-remote" "-profile" "C:\\Users\\Tiago\\AppData\\Local\\Temp\\rust_mozprofileZf2Rzs"
1621973588619	Marionette	INFO	Marionette enabled
JavaScript error: resource://gre/modules/XULStore.jsm, line 66: Error: Can't find profile directory.
console.warn: SearchSettings: "get: No settings file exists, new profile?" (new Error("", "(unknown module)"))
1621973592208	Marionette	INFO	Listening on port 64546
1621973592259	Marionette	WARN	TLS certificate errors will be ignored for this session
console.error: Region.jsm: "Error fetching region" (new Error("TIMEOUT", "resource://gre/modules/Region.jsm", 772))
console.error: Region.jsm: "Failed to fetch region" (new Error("TIMEOUT", "resource://gre/modules/Region.jsm", 419))
1621973631272	Marionette	INFO	Stopped listening on port 64546

###!!! [Child][RunMessage] Error: Channel closing: too late to send/recv, messages will be lost

1621973711006	mozrunner::runner	INFO	Running command: "C:\\Program Files\\Mozilla Firefox\\firefox.exe" "-marionette" "-foreground" "-no-remote" "-profile" "C:\\Users\\Tiago\\AppData\\Local\\Temp\\rust_mozprofile31qrrp"
1621973711666	Marionette	INFO	Marionette enabled
JavaScript error: resource://gre/modules/XULStore.jsm, line 66: Error: Can't find profile directory.
console.warn: SearchSettings: "get: No settings file exists, new profile?" (new Error("", "(unknown module)"))
1621973715075	Marionette	INFO	Listening on port 64641
1621973715228	Marionette	WARN	TLS certificate errors will be ignored for this session
console.error: Region.jsm: "Error fetching region" (new Error("TIMEOUT", "resource://gre/modules/Region.jsm", 772))
console.error: Region.jsm: "Failed to fetch region" (new Error("TIMEOUT", "resource://gre/modules/Region.jsm", 419))
1621973749921	Marionette	INFO	Stopped listening on port 64641

###!!! [Child][RunMessage] Error: Channel closing: too late to send/recv, messages will be lost

1621973791373	mozrunner::runner	INFO	Running command: "C:\\Program Files\\Mozilla Firefox\\firefox.exe" "-marionette" "-foreground" "-no-remote" "-profile" "C:\\Users\\Tiago\\AppData\\Local\\Temp\\rust_mozprofileoBXsrB"
1621973792052	Marionette	INFO	Marionette enabled
JavaScript error: resource://gre/modules/XULStore.jsm, line 66: Error: Can't find profile directory.
console.warn: SearchSettings: "get: No settings file exists, new profile?" (new Error("", "(unknown module)"))
1621973795349	Marionette	INFO	Listening on port 64732
1621973795568	Marionette	WARN	TLS certificate errors will be ignored for this session
console.error: Region.jsm: "Error fetching region" (new Error("TIMEOUT", "resource://gre/modules/Region.jsm", 772))
console.error: Region.jsm: "Failed to fetch region" (new Error("TIMEOUT", "resource://gre/modules/Region.jsm", 419))
1621973921636	Marionette	INFO	Stopped listening on port 64732

###!!! [Child][RunMessage] Error: Channel closing: too late to send/recv, messages will be lost

1621973975650	mozrunner::runner	INFO	Running command: "C:\\Program Files\\Mozilla Firefox\\firefox.exe" "-marionette" "-foreground" "-no-remote" "-profile" "C:\\Users\\Tiago\\AppData\\Local\\Temp\\rust_mozprofile0zaH7I"
1621973976343	Marionette	INFO	Marionette enabled
JavaScript error: resource://gre/modules/XULStore.jsm, line 66: Error: Can't find profile directory.
console.warn: SearchSettings: "get: No settings file exists, new profile?" (new Error("", "(unknown module)"))
1621973981721	Marionette	INFO	Listening on port 64892
1621973982014	Marionette	WARN	TLS certificate errors will be ignored for this session
console.error: Region.jsm: "Error fetching region" (new Error("TIMEOUT", "resource://gre/modules/Region.jsm", 772))
console.error: Region.jsm: "Failed to fetch region" (new Error("TIMEOUT", "resource://gre/modules/Region.jsm", 419))
1621974013793	Marionette	WARN	Ignoring event 'DOMContentLoaded' because document has an invalid readyState of 'complete'.
[Child 2772, IPC I/O Child] WARNING: pipe error: 232: file /builds/worker/checkouts/gecko/ipc/chromium/src/chrome/common/ipc_channel_win.cc:544

###!!! [Child][MessageChannel] Error: (msgtype=0x6B0027,name=PNecko::Msg_RemoveRequestContext) Channel closing: too late to send/recv, messages will be lost

1621974058162	Marionette	INFO	Stopped listening on port 64892

###!!! [Child][RunMessage] Error: Channel closing: too late to send/recv, messages will be lost

Invalid port. Exiting...
1623100195509	mozrunner::runner	INFO	Running command: "C:\\Program Files\\Mozilla Firefox\\firefox.exe" "-marionette" "-foreground" "-no-remote" "-profile" "C:\\Users\\Tiago\\AppData\\Local\\Temp\\rust_mozprofileSbjFgq"
1623100197097	Marionette	INFO	Marionette enabled
JavaScript error: resource://gre/modules/XULStore.jsm, line 66: Error: Can't find profile directory.
console.warn: SearchSettings: "get: No settings file exists, new profile?" (new Error("", "(unknown module)"))
1623100201387	Marionette	INFO	Listening on port 61431
1623100201951	Marionette	WARN	TLS certificate errors will be ignored for this session
1623100219184	Marionette	WARN	TimedPromise timed out after 500 ms: stacktrace:
TimedPromise/<@chrome://marionette/content/sync.js:237:19
TimedPromise@chrome://marionette/content/sync.js:222:10
interaction.flushEventLoop@chrome://marionette/content/interaction.js:431:10
webdriverClickElement@chrome://marionette/content/interaction.js:179:31
JavaScript error: https://gum.criteo.com/sync?c=30&r=2&j=cr_handle_data_a, line 1: SecurityError: The operation is insecure.
JavaScript error: https://egawork.com/gtag.js, line 2: SyntaxError: expected expression, got '<'
JavaScript error: https://egawork.com/gtag.js, line 2: SyntaxError: expected expression, got '<'
JavaScript error: https://egawork.b-cdn.net/assets/js/signup.js, line 36: TypeError: BasicSlider.slick is not a function
JavaScript error: https://egawork.com/gtag.js, line 2: SyntaxError: expected expression, got '<'
JavaScript error: https://egawork.b-cdn.net/assets/js/signup.js, line 36: TypeError: BasicSlider.slick is not a function
JavaScript error: https://egawork.com/gtag.js, line 2: SyntaxError: expected expression, got '<'
JavaScript error: https://egawork.b-cdn.net/assets/js/signup.js, line 36: TypeError: BasicSlider.slick is not a function
JavaScript error: https://websdk.appsflyer.com/?st=pba&, line 2: SecurityError: Permission denied to access property "document" on cross-origin object
1623100289041	Marionette	WARN	Ignoring event 'DOMContentLoaded' because document has an invalid readyState of 'complete'.
1623100309069	Marionette	INFO	Stopped listening on port 61431

###!!! [Child][RunMessage] Error: Channel closing: too late to send/recv, messages will be lost

1623100333463	mozrunner::runner	INFO	Running command: "C:\\Program Files\\Mozilla Firefox\\firefox.exe" "-marionette" "-foreground" "-no-remote" "-profile" "C:\\Users\\Tiago\\AppData\\Local\\Temp\\rust_mozprofile5olNVK"
1623100334156	Marionette	INFO	Marionette enabled
JavaScript error: resource://gre/modules/XULStore.jsm, line 66: Error: Can't find profile directory.
console.warn: SearchSettings: "get: No settings file exists, new profile?" (new Error("", "(unknown module)"))
1623100337881	Marionette	INFO	Listening on port 63963
1623100338334	Marionette	WARN	TLS certificate errors will be ignored for this session
JavaScript error: https://egawork.com/gtag.js, line 2: SyntaxError: expected expression, got '<'
JavaScript error: https://egawork.com/gtag.js, line 2: SyntaxError: expected expression, got '<'
JavaScript error: https://egawork.b-cdn.net/assets/js/signup.js, line 36: TypeError: BasicSlider.slick is not a function
JavaScript error: https://egawork.com/gtag.js, line 2: SyntaxError: expected expression, got '<'
JavaScript error: https://egawork.b-cdn.net/assets/js/signup.js, line 36: TypeError: BasicSlider.slick is not a function
JavaScript error: https://egawork.com/gtag.js, line 2: SyntaxError: expected expression, got '<'
JavaScript error: https://egawork.b-cdn.net/assets/js/signup.js, line 36: TypeError: BasicSlider.slick is not a function
JavaScript error: https://websdk.appsflyer.com/?st=pba&, line 2: SecurityError: Permission denied to access property "document" on cross-origin object
1623100437499	Marionette	WARN	Ignoring event 'DOMContentLoaded' because document has an invalid readyState of 'complete'.
1623100482244	Marionette	INFO	Stopped listening on port 63963

###!!! [Child][RunMessage] Error: Channel closing: too late to send/recv, messages will be lost

1623103940110	mozrunner::runner	INFO	Running command: "C:\\Program Files\\Mozilla Firefox\\firefox.exe" "-marionette" "-foreground" "-no-remote" "-profile" "C:\\Users\\Tiago\\AppData\\Local\\Temp\\rust_mozprofileFLTh0U"
1623103940909	Marionette	INFO	Marionette enabled
JavaScript error: resource://gre/modules/XULStore.jsm, line 66: Error: Can't find profile directory.
console.warn: SearchSettings: "get: No settings file exists, new profile?" (new Error("", "(unknown module)"))
1623103944830	Marionette	INFO	Listening on port 64174
1623103944933	Marionette	WARN	TLS certificate errors will be ignored for this session

###!!! [Child][RunMessage] Error: Channel closing: too late to send/recv, messages will be lost

1623104017200	Marionette	INFO	Stopped listening on port 64174

###!!! [Child][RunMessage] Error: Channel closing: too late to send/recv, messages will be lost

led
JavaScript error: resource://gre/modules/XULStore.jsm, line 66: Error: Can't find profile directory.
console.warn: SearchSettings: "get: No settings file exists, new profile?" (new Error("", "(unknown module)"))
console.warn: SearchService: "_init: abandoning init due to shutting down"
JavaScript error: , line 0: uncaught exception: 2147500036
JavaScript error: , line 0: uncaught exception: 2147500036
JavaScript error: , line 0: uncaught exception: 2147500036
JavaScript error: , line 0: uncaught exception: 2147500036
JavaScript error: , line 0: uncaught exception: 2147500036
console.error: Region.jsm: "Error fetching region" (new TypeError("NetworkError when attempting to fetch resource.", ""))
console.error: Region.jsm: "Failed to fetch region" (new Error("NO_RESULT", "resource://gre/modules/Region.jsm", 419))
JavaScript error: resource://gre/modules/AsyncShutdown.jsm, line 575: uncaught exception: Object

###!!! [Child][RunMessage] Error: Channel closing: too late to send/recv, messages will be lost

1623104027942	mozrunner::runner	INFO	Running command: "C:\\Program Files\\Mozilla Firefox\\firefox.exe" "-marionette" "-foreground" "-no-remote" "-profile" "C:\\Users\\Tiago\\AppData\\Local\\Temp\\rust_mozprofiletjDMgf"
1623104028712	Marionette	INFO	Marionette enabled
JavaScript error: resource://gre/modules/XULStore.jsm, line 66: Error: Can't find profile directory.
console.warn: SearchSettings: "get: No settings file exists, new profile?" (new Error("", "(unknown module)"))
1623104032657	Marionette	INFO	Listening on port 52398
1623104032759	Marionette	WARN	TLS certificate errors will be ignored for this session
JavaScript error: , line 0: uncaught exception: undefined
JavaScript error: https://egawork.com/gtag.js, line 2: SyntaxError: expected expression, got '<'
JavaScript error: https://egawork.com/gtag.js, line 2: SyntaxError: expected expression, got '<'
JavaScript error: https://egawork.b-cdn.net/assets/js/signup.js, line 36: TypeError: BasicSlider.slick is not a function
1623104133016	Marionette	INFO	Stopped listening on port 52398

###!!! [Child][RunMessage] Error: Channel closing: too late to send/recv, messages will be lost

1623105607875	mozrunner::runner	INFO	Running command: "C:\\Program Files\\Mozilla Firefox\\firefox.exe" "-marionette" "-foreground" "-no-remote" "-profile" "C:\\Users\\Tiago\\AppData\\Local\\Temp\\rust_mozprofileS0kHAq"
1623105608568	Marionette	INFO	Marionette enabled
JavaScript error: resource://gre/modules/XULStore.jsm, line 66: Error: Can't find profile directory.
console.warn: SearchSettings: "get: No settings file exists, new profile?" (new Error("", "(unknown module)"))
1623105612193	Marionette	INFO	Listening on port 62477
1623105612709	Marionette	WARN	TLS certificate errors will be ignored for this session
1623105620734	Marionette	INFO	Stopped listening on port 62477

###!!! [Child][RunMessage] Error: Channel closing: too late to send/recv, messages will be lost

